#! /usr/local/Cellar/icarus-verilog/11.0/bin/vvp
:ivl_version "11.0 (stable)";
:ivl_delay_selection "TYPICAL";
:vpi_time_precision - 12;
:vpi_module "/usr/local/Cellar/icarus-verilog/11.0/lib/ivl/system.vpi";
:vpi_module "/usr/local/Cellar/icarus-verilog/11.0/lib/ivl/vhdl_sys.vpi";
:vpi_module "/usr/local/Cellar/icarus-verilog/11.0/lib/ivl/vhdl_textio.vpi";
:vpi_module "/usr/local/Cellar/icarus-verilog/11.0/lib/ivl/v2005_math.vpi";
:vpi_module "/usr/local/Cellar/icarus-verilog/11.0/lib/ivl/va_math.vpi";
S_0x7f8af8205ce0 .scope module, "register_test" "register_test" 2 4;
 .timescale -12 -12;
v0x7f8af821a1b0_0 .var "clock", 0 0;
v0x7f8af821a260_0 .var "en", 0 0;
v0x7f8af821a2f0_0 .var "in", 7 0;
v0x7f8af821a3a0_0 .net "out", 7 0, v0x7f8af8219e70_0;  1 drivers
v0x7f8af821a450_0 .var "reset", 0 0;
S_0x7f8af820a060 .scope module, "r" "register" 2 17, 3 1 0, S_0x7f8af8205ce0;
 .timescale -12 -12;
    .port_info 0 /INPUT 1 "clock";
    .port_info 1 /INPUT 1 "reset";
    .port_info 2 /INPUT 1 "en";
    .port_info 3 /INPUT 8 "D";
    .port_info 4 /OUTPUT 8 "Q";
v0x7f8af8205e50_0 .net "D", 7 0, v0x7f8af821a2f0_0;  1 drivers
v0x7f8af8219e70_0 .var "Q", 7 0;
v0x7f8af8219f10_0 .net "clock", 0 0, v0x7f8af821a1b0_0;  1 drivers
v0x7f8af8219fc0_0 .net "en", 0 0, v0x7f8af821a260_0;  1 drivers
v0x7f8af821a050_0 .net "reset", 0 0, v0x7f8af821a450_0;  1 drivers
E_0x7f8af8204dc0 .event posedge, v0x7f8af821a050_0, v0x7f8af8219f10_0;
    .scope S_0x7f8af820a060;
T_0 ;
    %wait E_0x7f8af8204dc0;
    %load/vec4 v0x7f8af821a050_0;
    %flag_set/vec4 8;
    %jmp/0xz  T_0.0, 8;
    %pushi/vec4 0, 0, 8;
    %assign/vec4 v0x7f8af8219e70_0, 0;
    %jmp T_0.1;
T_0.0 ;
    %load/vec4 v0x7f8af8219fc0_0;
    %flag_set/vec4 8;
    %jmp/0xz  T_0.2, 8;
    %load/vec4 v0x7f8af8205e50_0;
    %assign/vec4 v0x7f8af8219e70_0, 0;
T_0.2 ;
T_0.1 ;
    %jmp T_0;
    .thread T_0;
    .scope S_0x7f8af8205ce0;
T_1 ;
    %pushi/vec4 0, 0, 1;
    %store/vec4 v0x7f8af821a1b0_0, 0, 1;
    %pushi/vec4 0, 0, 1;
    %store/vec4 v0x7f8af821a260_0, 0, 1;
    %pushi/vec4 0, 0, 1;
    %store/vec4 v0x7f8af821a450_0, 0, 1;
    %end;
    .thread T_1;
    .scope S_0x7f8af8205ce0;
T_2 ;
    %delay 1, 0;
    %load/vec4 v0x7f8af821a1b0_0;
    %nor/r;
    %store/vec4 v0x7f8af821a1b0_0, 0, 1;
    %jmp T_2;
    .thread T_2;
    .scope S_0x7f8af8205ce0;
T_3 ;
    %vpi_call 2 14 "$dumpfile", "register.vcd" {0 0 0};
    %end;
    .thread T_3;
    .scope S_0x7f8af8205ce0;
T_4 ;
    %vpi_call 2 15 "$dumpvars", 32'sb00000000000000000000000000000000, S_0x7f8af8205ce0 {0 0 0};
    %end;
    .thread T_4;
    .scope S_0x7f8af8205ce0;
T_5 ;
    %delay 1, 0;
    %pushi/vec4 1, 0, 1;
    %store/vec4 v0x7f8af821a450_0, 0, 1;
    %delay 1, 0;
    %pushi/vec4 0, 0, 1;
    %store/vec4 v0x7f8af821a450_0, 0, 1;
    %delay 1, 0;
    %pushi/vec4 1, 0, 1;
    %store/vec4 v0x7f8af821a260_0, 0, 1;
    %pushi/vec4 157, 0, 8;
    %store/vec4 v0x7f8af821a2f0_0, 0, 8;
    %delay 1, 0;
    %pushi/vec4 0, 0, 1;
    %store/vec4 v0x7f8af821a260_0, 0, 1;
    %delay 1, 0;
    %vpi_call 2 24 "$finish" {0 0 0};
    %end;
    .thread T_5;
# The file index is used to find the file name in the following table.
:file_names 4;
    "N/A";
    "<interactive>";
    "test_main.v";
    "./main.v";
